Analysis & Synthesis report for p1
Fri Nov 15 13:03:43 2019
Quartus II 64-Bit Version 13.0.1 Build 232 06/12/2013 Service Pack 1 SJ Web Edition


---------------------
; Table of Contents ;
---------------------
  1. Legal Notice
  2. Analysis & Synthesis Summary
  3. Analysis & Synthesis Settings
  4. Parallel Compilation
  5. Analysis & Synthesis Source Files Read
  6. Analysis & Synthesis Resource Usage Summary
  7. Analysis & Synthesis Resource Utilization by Entity
  8. State Machine - |CMS2|Q
  9. User-Specified and Inferred Latches
 10. Registers Removed During Synthesis
 11. General Register Statistics
 12. Multiplexer Restructuring Statistics (Restructuring Performed)
 13. Elapsed Time Per Partition
 14. Analysis & Synthesis Messages



----------------
; Legal Notice ;
----------------
Copyright (C) 1991-2013 Altera Corporation
Your use of Altera Corporation's design tools, logic functions 
and other software and tools, and its AMPP partner logic 
functions, and any output files from any of the foregoing 
(including device programming or simulation files), and any 
associated documentation or information are expressly subject 
to the terms and conditions of the Altera Program License 
Subscription Agreement, Altera MegaCore Function License 
Agreement, or other applicable license agreement, including, 
without limitation, that your use is for the sole purpose of 
programming logic devices manufactured by Altera and sold by 
Altera or its authorized distributors.  Please refer to the 
applicable agreement for further details.



+--------------------------------------------------------------------------------------+
; Analysis & Synthesis Summary                                                         ;
+------------------------------------+-------------------------------------------------+
; Analysis & Synthesis Status        ; Successful - Fri Nov 15 13:03:43 2019           ;
; Quartus II 64-Bit Version          ; 13.0.1 Build 232 06/12/2013 SP 1 SJ Web Edition ;
; Revision Name                      ; p1                                              ;
; Top-level Entity Name              ; CMS2                                            ;
; Family                             ; Cyclone II                                      ;
; Total logic elements               ; 130                                             ;
;     Total combinational functions  ; 126                                             ;
;     Dedicated logic registers      ; 61                                              ;
; Total registers                    ; 61                                              ;
; Total pins                         ; 38                                              ;
; Total virtual pins                 ; 0                                               ;
; Total memory bits                  ; 0                                               ;
; Embedded Multiplier 9-bit elements ; 0                                               ;
; Total PLLs                         ; 0                                               ;
+------------------------------------+-------------------------------------------------+


+----------------------------------------------------------------------------------------------------------------------+
; Analysis & Synthesis Settings                                                                                        ;
+----------------------------------------------------------------------------+--------------------+--------------------+
; Option                                                                     ; Setting            ; Default Value      ;
+----------------------------------------------------------------------------+--------------------+--------------------+
; Device                                                                     ; EP2C5T144C8        ;                    ;
; Top-level entity name                                                      ; CMS2               ; p1                 ;
; Family name                                                                ; Cyclone II         ; Cyclone IV GX      ;
; Use smart compilation                                                      ; Off                ; Off                ;
; Enable parallel Assembler and TimeQuest Timing Analyzer during compilation ; On                 ; On                 ;
; Enable compact report table                                                ; Off                ; Off                ;
; Restructure Multiplexers                                                   ; Auto               ; Auto               ;
; Create Debugging Nodes for IP Cores                                        ; Off                ; Off                ;
; Preserve fewer node names                                                  ; On                 ; On                 ;
; Disable OpenCore Plus hardware evaluation                                  ; Off                ; Off                ;
; Verilog Version                                                            ; Verilog_2001       ; Verilog_2001       ;
; VHDL Version                                                               ; VHDL_1993          ; VHDL_1993          ;
; State Machine Processing                                                   ; Auto               ; Auto               ;
; Safe State Machine                                                         ; Off                ; Off                ;
; Extract Verilog State Machines                                             ; On                 ; On                 ;
; Extract VHDL State Machines                                                ; On                 ; On                 ;
; Ignore Verilog initial constructs                                          ; Off                ; Off                ;
; Iteration limit for constant Verilog loops                                 ; 5000               ; 5000               ;
; Iteration limit for non-constant Verilog loops                             ; 250                ; 250                ;
; Add Pass-Through Logic to Inferred RAMs                                    ; On                 ; On                 ;
; Infer RAMs from Raw Logic                                                  ; On                 ; On                 ;
; Parallel Synthesis                                                         ; On                 ; On                 ;
; DSP Block Balancing                                                        ; Auto               ; Auto               ;
; NOT Gate Push-Back                                                         ; On                 ; On                 ;
; Power-Up Don't Care                                                        ; On                 ; On                 ;
; Remove Redundant Logic Cells                                               ; Off                ; Off                ;
; Remove Duplicate Registers                                                 ; On                 ; On                 ;
; Ignore CARRY Buffers                                                       ; Off                ; Off                ;
; Ignore CASCADE Buffers                                                     ; Off                ; Off                ;
; Ignore GLOBAL Buffers                                                      ; Off                ; Off                ;
; Ignore ROW GLOBAL Buffers                                                  ; Off                ; Off                ;
; Ignore LCELL Buffers                                                       ; Off                ; Off                ;
; Ignore SOFT Buffers                                                        ; On                 ; On                 ;
; Limit AHDL Integers to 32 Bits                                             ; Off                ; Off                ;
; Optimization Technique                                                     ; Balanced           ; Balanced           ;
; Carry Chain Length                                                         ; 70                 ; 70                 ;
; Auto Carry Chains                                                          ; On                 ; On                 ;
; Auto Open-Drain Pins                                                       ; On                 ; On                 ;
; Perform WYSIWYG Primitive Resynthesis                                      ; Off                ; Off                ;
; Auto ROM Replacement                                                       ; On                 ; On                 ;
; Auto RAM Replacement                                                       ; On                 ; On                 ;
; Auto Shift Register Replacement                                            ; Auto               ; Auto               ;
; Allow Shift Register Merging across Hierarchies                            ; Auto               ; Auto               ;
; Auto Clock Enable Replacement                                              ; On                 ; On                 ;
; Strict RAM Replacement                                                     ; Off                ; Off                ;
; Allow Synchronous Control Signals                                          ; On                 ; On                 ;
; Force Use of Synchronous Clear Signals                                     ; Off                ; Off                ;
; Auto RAM to Logic Cell Conversion                                          ; Off                ; Off                ;
; Auto Resource Sharing                                                      ; Off                ; Off                ;
; Allow Any RAM Size For Recognition                                         ; Off                ; Off                ;
; Allow Any ROM Size For Recognition                                         ; Off                ; Off                ;
; Allow Any Shift Register Size For Recognition                              ; Off                ; Off                ;
; Use LogicLock Constraints during Resource Balancing                        ; On                 ; On                 ;
; Ignore translate_off and synthesis_off directives                          ; Off                ; Off                ;
; Timing-Driven Synthesis                                                    ; Off                ; Off                ;
; Report Parameter Settings                                                  ; On                 ; On                 ;
; Report Source Assignments                                                  ; On                 ; On                 ;
; Report Connectivity Checks                                                 ; On                 ; On                 ;
; Ignore Maximum Fan-Out Assignments                                         ; Off                ; Off                ;
; Synchronization Register Chain Length                                      ; 2                  ; 2                  ;
; PowerPlay Power Optimization                                               ; Normal compilation ; Normal compilation ;
; HDL message level                                                          ; Level2             ; Level2             ;
; Suppress Register Optimization Related Messages                            ; Off                ; Off                ;
; Number of Removed Registers Reported in Synthesis Report                   ; 5000               ; 5000               ;
; Number of Swept Nodes Reported in Synthesis Report                         ; 5000               ; 5000               ;
; Number of Inverted Registers Reported in Synthesis Report                  ; 100                ; 100                ;
; Clock MUX Protection                                                       ; On                 ; On                 ;
; Auto Gated Clock Conversion                                                ; Off                ; Off                ;
; Block Design Naming                                                        ; Auto               ; Auto               ;
; SDC constraint protection                                                  ; Off                ; Off                ;
; Synthesis Effort                                                           ; Auto               ; Auto               ;
; Shift Register Replacement - Allow Asynchronous Clear Signal               ; On                 ; On                 ;
; Pre-Mapping Resynthesis Optimization                                       ; Off                ; Off                ;
; Analysis & Synthesis Message Level                                         ; Medium             ; Medium             ;
; Disable Register Merging Across Hierarchies                                ; Auto               ; Auto               ;
; Resource Aware Inference For Block RAM                                     ; On                 ; On                 ;
; Synthesis Seed                                                             ; 1                  ; 1                  ;
+----------------------------------------------------------------------------+--------------------+--------------------+


Parallel compilation was disabled, but you have multiple processors available. Enable parallel compilation to reduce compilation time.
+-------------------------------------+
; Parallel Compilation                ;
+----------------------------+--------+
; Processors                 ; Number ;
+----------------------------+--------+
; Number detected on machine ; 4      ;
; Maximum allowed            ; 1      ;
+----------------------------+--------+


+-------------------------------------------------------------------------------------------------------------------------------------------+
; Analysis & Synthesis Source Files Read                                                                                                    ;
+----------------------------------+-----------------+-----------------+----------------------------------------------------------+---------+
; File Name with User-Entered Path ; Used in Netlist ; File Type       ; File Name with Absolute Path                             ; Library ;
+----------------------------------+-----------------+-----------------+----------------------------------------------------------+---------+
; EE214.vhd                        ; yes             ; User VHDL File  ; C:/altera/13.0sp1/quartus/bin64/p1/EE214.vhd             ;         ;
; BCD2SSD.vhd                      ; yes             ; User VHDL File  ; C:/altera/13.0sp1/quartus/bin64/p1/BCD2SSD.vhd           ;         ;
; output_files/CMS2.vhd            ; yes             ; User VHDL File  ; C:/altera/13.0sp1/quartus/bin64/p1/output_files/CMS2.vhd ;         ;
+----------------------------------+-----------------+-----------------+----------------------------------------------------------+---------+


+-----------------------------------------------------+
; Analysis & Synthesis Resource Usage Summary         ;
+---------------------------------------------+-------+
; Resource                                    ; Usage ;
+---------------------------------------------+-------+
; Estimated Total logic elements              ; 130   ;
;                                             ;       ;
; Total combinational functions               ; 126   ;
; Logic element usage by number of LUT inputs ;       ;
;     -- 4 input functions                    ; 52    ;
;     -- 3 input functions                    ; 41    ;
;     -- <=2 input functions                  ; 33    ;
;                                             ;       ;
; Logic elements by mode                      ;       ;
;     -- normal mode                          ; 104   ;
;     -- arithmetic mode                      ; 22    ;
;                                             ;       ;
; Total registers                             ; 61    ;
;     -- Dedicated logic registers            ; 61    ;
;     -- I/O registers                        ; 0     ;
;                                             ;       ;
; I/O pins                                    ; 38    ;
; Embedded Multiplier 9-bit elements          ; 0     ;
; Maximum fan-out node                        ; CLK1  ;
; Maximum fan-out                             ; 38    ;
; Total fan-out                               ; 582   ;
; Average fan-out                             ; 2.59  ;
+---------------------------------------------+-------+


+-----------------------------------------------------------------------------------------------------------------------------------------------------------------------------+
; Analysis & Synthesis Resource Utilization by Entity                                                                                                                         ;
+----------------------------+-------------------+--------------+-------------+--------------+---------+-----------+------+--------------+---------------------+--------------+
; Compilation Hierarchy Node ; LC Combinationals ; LC Registers ; Memory Bits ; DSP Elements ; DSP 9x9 ; DSP 18x18 ; Pins ; Virtual Pins ; Full Hierarchy Name ; Library Name ;
+----------------------------+-------------------+--------------+-------------+--------------+---------+-----------+------+--------------+---------------------+--------------+
; |CMS2                      ; 126 (112)         ; 61 (61)      ; 0           ; 0            ; 0       ; 0         ; 38   ; 0            ; |CMS2               ; work         ;
;    |BCD2SSD:U0|            ; 7 (7)             ; 0 (0)        ; 0           ; 0            ; 0       ; 0         ; 0    ; 0            ; |CMS2|BCD2SSD:U0    ; work         ;
;    |BCD2SSD:U1|            ; 7 (7)             ; 0 (0)        ; 0           ; 0            ; 0       ; 0         ; 0    ; 0            ; |CMS2|BCD2SSD:U1    ; work         ;
+----------------------------+-------------------+--------------+-------------+--------------+---------+-----------+------+--------------+---------------------+--------------+
Note: For table entries with two numbers listed, the numbers in parentheses indicate the number of resources of the given type used by the specific entity alone. The numbers listed outside of parentheses indicate the total resources of the given type used by the specific entity and all of its sub-entities in the hierarchy.


Encoding Type:  One-Hot
+------------------------------------------------------------------+
; State Machine - |CMS2|Q                                          ;
+--------+--------+------+------+------+------+------+------+------+
; Name   ; Q.IDLE ; Q.S6 ; Q.S5 ; Q.S4 ; Q.S3 ; Q.S2 ; Q.S1 ; Q.S0 ;
+--------+--------+------+------+------+------+------+------+------+
; Q.S0   ; 0      ; 0    ; 0    ; 0    ; 0    ; 0    ; 0    ; 0    ;
; Q.S1   ; 0      ; 0    ; 0    ; 0    ; 0    ; 0    ; 1    ; 1    ;
; Q.S2   ; 0      ; 0    ; 0    ; 0    ; 0    ; 1    ; 0    ; 1    ;
; Q.S3   ; 0      ; 0    ; 0    ; 0    ; 1    ; 0    ; 0    ; 1    ;
; Q.S4   ; 0      ; 0    ; 0    ; 1    ; 0    ; 0    ; 0    ; 1    ;
; Q.S5   ; 0      ; 0    ; 1    ; 0    ; 0    ; 0    ; 0    ; 1    ;
; Q.S6   ; 0      ; 1    ; 0    ; 0    ; 0    ; 0    ; 0    ; 1    ;
; Q.IDLE ; 1      ; 0    ; 0    ; 0    ; 0    ; 0    ; 0    ; 1    ;
+--------+--------+------+------+------+------+------+------+------+


+---------------------------------------------------------------------------------------------------+
; User-Specified and Inferred Latches                                                               ;
+----------------------------------------------------+---------------------+------------------------+
; Latch Name                                         ; Latch Enable Signal ; Free of Timing Hazards ;
+----------------------------------------------------+---------------------+------------------------+
; D[0]$latch                                         ; Selector16          ; yes                    ;
; D[1]$latch                                         ; Selector16          ; yes                    ;
; D[2]$latch                                         ; Selector16          ; yes                    ;
; D[3]$latch                                         ; Selector16          ; yes                    ;
; D[4]$latch                                         ; Selector16          ; yes                    ;
; D[5]$latch                                         ; Selector16          ; yes                    ;
; D[7]$latch                                         ; Selector16          ; yes                    ;
; RS$latch                                           ; Selector16          ; yes                    ;
; EN$latch                                           ; Selector16          ; yes                    ;
; Number of user-specified and inferred latches = 9  ;                     ;                        ;
+----------------------------------------------------+---------------------+------------------------+
Note: All latches listed above may not be present at the end of synthesis due to various synthesis optimizations.


+--------------------------------------------------------------------------------+
; Registers Removed During Synthesis                                             ;
+---------------------------------------+----------------------------------------+
; Register name                         ; Reason for Removal                     ;
+---------------------------------------+----------------------------------------+
; Q.IDLE                                ; Stuck at GND due to stuck port data_in ;
; Total Number of Removed Registers = 1 ;                                        ;
+---------------------------------------+----------------------------------------+


+------------------------------------------------------+
; General Register Statistics                          ;
+----------------------------------------------+-------+
; Statistic                                    ; Value ;
+----------------------------------------------+-------+
; Total registers                              ; 61    ;
; Number of registers using Synchronous Clear  ; 3     ;
; Number of registers using Synchronous Load   ; 0     ;
; Number of registers using Asynchronous Clear ; 12    ;
; Number of registers using Asynchronous Load  ; 0     ;
; Number of registers using Clock Enable       ; 19    ;
; Number of registers using Preset             ; 0     ;
+----------------------------------------------+-------+


+------------------------------------------------------------------------------------------------------------------------------------------+
; Multiplexer Restructuring Statistics (Restructuring Performed)                                                                           ;
+--------------------+-----------+---------------+----------------------+------------------------+------------+----------------------------+
; Multiplexer Inputs ; Bus Width ; Baseline Area ; Area if Restructured ; Saving if Restructured ; Registered ; Example Multiplexer Output ;
+--------------------+-----------+---------------+----------------------+------------------------+------------+----------------------------+
; 3:1                ; 3 bits    ; 6 LEs         ; 3 LEs                ; 3 LEs                  ; Yes        ; |CMS2|CNT_CMD[2]           ;
; 3:1                ; 2 bits    ; 4 LEs         ; 2 LEs                ; 2 LEs                  ; Yes        ; |CMS2|CNT_DATA[1]          ;
; 3:1                ; 4 bits    ; 8 LEs         ; 4 LEs                ; 4 LEs                  ; Yes        ; |CMS2|A2[3]                ;
; 3:1                ; 3 bits    ; 6 LEs         ; 3 LEs                ; 3 LEs                  ; Yes        ; |CMS2|A1[1]                ;
; 4:1                ; 4 bits    ; 8 LEs         ; 4 LEs                ; 4 LEs                  ; Yes        ; |CMS2|kpcounter1[1]        ;
; 4:1                ; 4 bits    ; 8 LEs         ; 8 LEs                ; 0 LEs                  ; Yes        ; |CMS2|m[2]~reg0            ;
; 6:1                ; 4 bits    ; 16 LEs        ; 4 LEs                ; 12 LEs                 ; Yes        ; |CMS2|kpcounter2[1]        ;
; 6:1                ; 4 bits    ; 16 LEs        ; 8 LEs                ; 8 LEs                  ; Yes        ; |CMS2|n[1]~reg0            ;
+--------------------+-----------+---------------+----------------------+------------------------+------------+----------------------------+


+-------------------------------+
; Elapsed Time Per Partition    ;
+----------------+--------------+
; Partition Name ; Elapsed Time ;
+----------------+--------------+
; Top            ; 00:00:00     ;
+----------------+--------------+


+-------------------------------+
; Analysis & Synthesis Messages ;
+-------------------------------+
Info: *******************************************************************
Info: Running Quartus II 64-Bit Analysis & Synthesis
    Info: Version 13.0.1 Build 232 06/12/2013 Service Pack 1 SJ Web Edition
    Info: Processing started: Fri Nov 15 13:03:40 2019
Info: Command: quartus_map --read_settings_files=on --write_settings_files=off p1 -c p1
Warning (20028): Parallel compilation is not licensed and has been disabled
Info (12021): Found 1 design units, including 0 entities, in source file ee214.vhd
    Info (12022): Found design unit 1: EE214
Info (12021): Found 0 design units, including 0 entities, in source file kpcnt.vhd
Info (12021): Found 2 design units, including 1 entities, in source file counter.vhd
    Info (12022): Found design unit 1: COUNTER-FUNCTIONALITY
    Info (12023): Found entity 1: COUNTER
Info (12021): Found 2 design units, including 1 entities, in source file lcd_fsm.vhd
    Info (12022): Found design unit 1: LCD_FSM-FUNCTIONALITY
    Info (12023): Found entity 1: LCD_FSM
Info (12021): Found 2 design units, including 1 entities, in source file lcd_controller.vhd
    Info (12022): Found design unit 1: lcd_controller-controller
    Info (12023): Found entity 1: lcd_controller
Info (12021): Found 2 design units, including 1 entities, in source file scale_clock.vhd
    Info (12022): Found design unit 1: scale_clock-Behavioral
    Info (12023): Found entity 1: scale_clock
Info (12021): Found 2 design units, including 1 entities, in source file lcd_fsm_timer.vhd
    Info (12022): Found design unit 1: LCD_FSM_TIMER-FUNCTIONALITY
    Info (12023): Found entity 1: LCD_FSM_TIMER
Info (12021): Found 2 design units, including 1 entities, in source file lcd_fsm_bcd.vhd
    Info (12022): Found design unit 1: LCD_FSM_BCD-FUNCTIONALITY
    Info (12023): Found entity 1: LCD_FSM_BCD
Info (12021): Found 2 design units, including 1 entities, in source file test0.vhd
    Info (12022): Found design unit 1: test0-functionality
    Info (12023): Found entity 1: test0
Info (12021): Found 2 design units, including 1 entities, in source file and_1.vhd
    Info (12022): Found design unit 1: AND_1-FUNCTIONALITY
    Info (12023): Found entity 1: AND_1
Info (12021): Found 2 design units, including 1 entities, in source file input_counter.vhd
    Info (12022): Found design unit 1: input_counter-behaviour
    Info (12023): Found entity 1: input_counter
Info (12021): Found 2 design units, including 1 entities, in source file bcd2ssd.vhd
    Info (12022): Found design unit 1: BCD2SSD-func
    Info (12023): Found entity 1: BCD2SSD
Info (12021): Found 2 design units, including 1 entities, in source file cms.vhd
    Info (12022): Found design unit 1: CMS-behaviour
    Info (12023): Found entity 1: CMS
Info (12021): Found 2 design units, including 1 entities, in source file output_files/cms2.vhd
    Info (12022): Found design unit 1: CMS2-behaviour
    Info (12023): Found entity 1: CMS2
Info (12127): Elaborating entity "CMS2" for the top level hierarchy
Warning (10492): VHDL Process Statement warning at CMS2.vhd(79): signal "CNT_CMD" is read inside the Process Statement but isn't in the Process Statement's sensitivity list
Warning (10492): VHDL Process Statement warning at CMS2.vhd(81): signal "CNT_CMD" is read inside the Process Statement but isn't in the Process Statement's sensitivity list
Warning (10492): VHDL Process Statement warning at CMS2.vhd(88): signal "CNT_CMD" is read inside the Process Statement but isn't in the Process Statement's sensitivity list
Warning (10492): VHDL Process Statement warning at CMS2.vhd(92): signal "CNT_CMD" is read inside the Process Statement but isn't in the Process Statement's sensitivity list
Warning (10492): VHDL Process Statement warning at CMS2.vhd(95): signal "CNT_DATA" is read inside the Process Statement but isn't in the Process Statement's sensitivity list
Warning (10492): VHDL Process Statement warning at CMS2.vhd(97): signal "LCD_DATA" is read inside the Process Statement but isn't in the Process Statement's sensitivity list
Warning (10492): VHDL Process Statement warning at CMS2.vhd(97): signal "CNT_DATA" is read inside the Process Statement but isn't in the Process Statement's sensitivity list
Warning (10492): VHDL Process Statement warning at CMS2.vhd(104): signal "LCD_DATA" is read inside the Process Statement but isn't in the Process Statement's sensitivity list
Warning (10492): VHDL Process Statement warning at CMS2.vhd(104): signal "CNT_DATA" is read inside the Process Statement but isn't in the Process Statement's sensitivity list
Warning (10492): VHDL Process Statement warning at CMS2.vhd(108): signal "LCD_DATA" is read inside the Process Statement but isn't in the Process Statement's sensitivity list
Warning (10492): VHDL Process Statement warning at CMS2.vhd(108): signal "CNT_DATA" is read inside the Process Statement but isn't in the Process Statement's sensitivity list
Warning (10631): VHDL Process Statement warning at CMS2.vhd(71): inferring latch(es) for signal or variable "D", which holds its previous value in one or more paths through the process
Warning (10631): VHDL Process Statement warning at CMS2.vhd(71): inferring latch(es) for signal or variable "RS", which holds its previous value in one or more paths through the process
Warning (10631): VHDL Process Statement warning at CMS2.vhd(71): inferring latch(es) for signal or variable "RW", which holds its previous value in one or more paths through the process
Warning (10631): VHDL Process Statement warning at CMS2.vhd(71): inferring latch(es) for signal or variable "EN", which holds its previous value in one or more paths through the process
Warning (10492): VHDL Process Statement warning at CMS2.vhd(164): signal "A1" is read inside the Process Statement but isn't in the Process Statement's sensitivity list
Warning (10492): VHDL Process Statement warning at CMS2.vhd(165): signal "A2" is read inside the Process Statement but isn't in the Process Statement's sensitivity list
Warning (10492): VHDL Process Statement warning at CMS2.vhd(166): signal "Z" is read inside the Process Statement but isn't in the Process Statement's sensitivity list
Warning (10492): VHDL Process Statement warning at CMS2.vhd(167): signal "Y" is read inside the Process Statement but isn't in the Process Statement's sensitivity list
Warning (10492): VHDL Process Statement warning at CMS2.vhd(203): signal "m" is read inside the Process Statement but isn't in the Process Statement's sensitivity list
Warning (10492): VHDL Process Statement warning at CMS2.vhd(204): signal "n" is read inside the Process Statement but isn't in the Process Statement's sensitivity list
Info (10041): Inferred latch for "EN" at CMS2.vhd(71)
Info (10041): Inferred latch for "RW" at CMS2.vhd(71)
Info (10041): Inferred latch for "RS" at CMS2.vhd(71)
Info (10041): Inferred latch for "D[0]" at CMS2.vhd(71)
Info (10041): Inferred latch for "D[1]" at CMS2.vhd(71)
Info (10041): Inferred latch for "D[2]" at CMS2.vhd(71)
Info (10041): Inferred latch for "D[3]" at CMS2.vhd(71)
Info (10041): Inferred latch for "D[4]" at CMS2.vhd(71)
Info (10041): Inferred latch for "D[5]" at CMS2.vhd(71)
Info (10041): Inferred latch for "D[6]" at CMS2.vhd(71)
Info (10041): Inferred latch for "D[7]" at CMS2.vhd(71)
Info (12128): Elaborating entity "BCD2SSD" for hierarchy "BCD2SSD:U0"
Warning (13039): The following bidir pins have no drivers
    Warning (13040): Bidir "RST" has no driver
Info (13025): Duplicate LATCH primitives merged into single LATCH primitive
    Info (13026): Duplicate LATCH primitive "D[5]$latch" merged with LATCH primitive "D[4]$latch"
Warning (13012): Latch D[0]$latch has unsafe behavior
    Warning (13013): Ports D and ENA on the latch are fed by the same signal Q.S3
Warning (13012): Latch D[1]$latch has unsafe behavior
    Warning (13013): Ports D and ENA on the latch are fed by the same signal Q.S3
Warning (13012): Latch D[2]$latch has unsafe behavior
    Warning (13013): Ports D and ENA on the latch are fed by the same signal Q.S3
Warning (13012): Latch D[3]$latch has unsafe behavior
    Warning (13013): Ports D and ENA on the latch are fed by the same signal Q.S3
Warning (13012): Latch D[4]$latch has unsafe behavior
    Warning (13013): Ports D and ENA on the latch are fed by the same signal Q.S3
Warning (13012): Latch D[7]$latch has unsafe behavior
    Warning (13013): Ports D and ENA on the latch are fed by the same signal Q.S0
Warning (13012): Latch RS$latch has unsafe behavior
    Warning (13013): Ports D and ENA on the latch are fed by the same signal Q.S3
Warning (13024): Output pins are stuck at VCC or GND
    Warning (13410): Pin "D[6]" is stuck at GND
    Warning (13410): Pin "RW" is stuck at GND
Info (16010): Generating hard_block partition "hard_block:auto_generated_inst"
    Info (16011): Adding 0 node(s), including 0 DDIO, 0 PLL, 0 transceiver and 0 LCELL
Info (21057): Implemented 172 device resources after synthesis - the final resource count might be different
    Info (21058): Implemented 4 input pins
    Info (21059): Implemented 33 output pins
    Info (21060): Implemented 1 bidirectional pins
    Info (21061): Implemented 134 logic cells
Info: Quartus II 64-Bit Analysis & Synthesis was successful. 0 errors, 41 warnings
    Info: Peak virtual memory: 4659 megabytes
    Info: Processing ended: Fri Nov 15 13:03:43 2019
    Info: Elapsed time: 00:00:03
    Info: Total CPU time (on all processors): 00:00:02


